<?xml version="1.0" encoding="UTF-8"?>
<!-- Generated by org.testng.reporters.JUnitXMLReporter -->
<testsuite hostname="LAPTOP-0EC05GSJ" ignored="0" name="Test" tests="3" failures="1" timestamp="07 Apr 2021 07:09:49 GMT" time="0.104" errors="0">
  <testcase name="doLogin" time="0.023" classname="testcases.TestCase2"/>
  <testcase name="doUserReg" time="0.003" classname="testcases.TestCase2">
    <failure type="java.lang.AssertionError" message="User Reg Failed">
      <![CDATA[java.lang.AssertionError: User Reg Failed
at testcases.TestCase2.doUserReg(TestCase2.java:10)
... Removed 26 stack frames]]>
    </failure>
  </testcase> <!-- doUserReg -->
  <testcase name="isSkip" time="0.006" classname="testcases.TestCase2">
    <skipped/>
  </testcase> <!-- isSkip -->
</testsuite> <!-- Test -->
